



Receiver onelab3.ii.uam.es starts measurements at sender 150.244.58.143 on Thu Jun 22 12:31:53 2017 
  Maximum packet size          :: 1472 bytes
  send latency @sndr           :: 6 usec
  recv latency @rcvr           :: 1 usec
  Minimum packet spacing       :: 12 usec
  Max rate(max_pktsz/min_time) :: 1000.00Mbps
  ADR [.]                      :: 1168.99Mbps
  Grey bandwidth resolution    :: 12.00
  Interrupt coalescion detected

Receiving Fleet 0
  Fleet Parameter(req)  :: R=500.00Mbps, L=1472B, K=100packets, T=24usec
  Lossrate per stream   :: :0.0:0.0:0.0:0.0:0.0:0.0:0.0:0.0:0.0:0.0:0.0:0.0
  # of CS @ sndr        :: : 0: 0: 0: 0: 0: 0: 0: 0: 0: 0: 0
  # of CS @ rcvr        :: : 0: 0: 0: 0: 0: 0: 0: 0: 0: 0: 0
  # of DS @ rcvr        :: : 0: 0: 0: 0: 0: 0: 0: 0: 0: 0: 0
  Fleet Parameter(act)  :: R=500.00Mbps, L=1472B, K=100packets, T=24usec
  PCT metric/stream[12] :: 0.44:0.29:0.31:0.38:0.31:0.47:0.29:0.50:0.38:0.31:0.35:0.31:
  PDT metric/stream[12] :: -0.04:-0.05:-0.11:-0.11:0.08:0.12:-0.07:0.05:-0.04:-0.14:-0.05:-0.14:
  PCT Trend/stream [12] :: NNNNNNNUNNNN
  PDT Trend/stream [12] :: NNNNNNNNNNNN
  Trend per stream [12] :: NNNNNNNNNNNN
  Aggregate trend       :: NO TREND
  Rmin-Rmax             :: 500.00-0.00Mbps
  Gmin-Gmax             :: 0.00-0.00Mbps

Receiving Fleet 1
  Fleet Parameter(req)  :: R=1000.00Mbps, L=1472B, K=100packets, T=12usec
  Lossrate per stream   :: :0.0:0.0:0.0:0.0:0.0:0.0:0.0:0.0:0.0:0.0:0.0:0.0
  # of CS @ sndr        :: : 0: 0: 0: 0: 0: 0: 0: 0: 0: 0: 0
  # of CS @ rcvr        :: : 0: 0: 0: 0: 0: 0: 0: 0: 0: 0: 0
  # of DS @ rcvr        :: : 0: 0: 0: 0: 0: 0: 0: 0: 0: 0: 0
  Fleet Parameter(act)  :: R=1000.00Mbps, L=1472B, K=100packets, T=12usec
  PCT metric/stream[12] :: 0.53:0.64:0.62:0.86:0.71:0.62:0.38:0.62:0.57:0.75:0.50:0.50:
  PDT metric/stream[12] :: 0.03:0.41:-0.06:1.00:0.24:0.47:0.50:0.56:0.13:0.04:0.11:-0.12:
  PCT Trend/stream [12] :: UIIIIINIUIUU
  PDT Trend/stream [12] :: NUNINIIINNNN
  Trend per stream [12] :: NIUIUIUINUNN
  Aggregate trend       :: GREY
  Rmin-Rmax             :: 500.00-0.00Mbps
  Gmin-Gmax             :: 1000.00-1000.00Mbps

	*****  RESULT *****
Available bandwidth range : 500.00 - 0.00 (Mbps)
Measurements finished at Thu Jun 22 12:31:55 2017 
Measurement latency is 1.26 sec 




Receiver onelab3.ii.uam.es starts measurements at sender 150.244.58.143 on Thu Jun 22 12:32:43 2017 
  Maximum packet size          :: 1472 bytes
  send latency @sndr           :: 6 usec
  recv latency @rcvr           :: 1 usec
  Minimum packet spacing       :: 12 usec
  Max rate(max_pktsz/min_time) :: 1000.00Mbps
  ADR [.]                      :: 1029.77Mbps
  Grey bandwidth resolution    :: 12.00
  Interrupt coalescion detected

Receiving Fleet 0
  Fleet Parameter(req)  :: R=500.00Mbps, L=1472B, K=100packets, T=24usec
  Lossrate per stream   :: :0.0:0.0:0.0:0.0:0.0:0.0:0.0:0.0:0.0:0.0:0.0:0.0
  # of CS @ sndr        :: : 0: 0: 0: 0: 0: 0: 0: 0: 0: 0: 0
  # of CS @ rcvr        :: : 0: 0: 0: 0: 0: 0: 0: 0: 0: 0: 0
  # of DS @ rcvr        :: : 0: 0: 0: 0: 0: 0: 0: 0: 0: 0: 0
  Fleet Parameter(act)  :: R=500.00Mbps, L=1472B, K=100packets, T=24usec
  PCT metric/stream[12] :: 0.38:0.40:0.38:0.47:0.39:0.40:0.44:0.47:0.44:0.41:0.41:0.44:
  PDT metric/stream[12] :: -0.12:-0.10:0.21:-0.02:-0.04:-0.12:-0.05:-0.03:0.07:-0.10:0.03:-0.04:
  PCT Trend/stream [12] :: NNNNNNNNNNNN
  PDT Trend/stream [12] :: NNNNNNNNNNNN
  Trend per stream [12] :: NNNNNNNNNNNN
  Aggregate trend       :: NO TREND
  Rmin-Rmax             :: 500.00-0.00Mbps
  Gmin-Gmax             :: 0.00-0.00Mbps

Receiving Fleet 1
  Fleet Parameter(req)  :: R=1000.00Mbps, L=1472B, K=100packets, T=12usec
  Lossrate per stream   :: :0.0:0.0:0.0:0.0:0.0:0.0:0.0:0.0:0.0:0.0:0.0:0.0
  # of CS @ sndr        :: : 0: 0: 0: 0: 0: 0: 0: 0: 0: 0: 0
  # of CS @ rcvr        :: : 0: 0: 0: 0: 0: 0: 0: 0: 0: 0: 0
  # of DS @ rcvr        :: : 0: 0: 0: 0: 0: 0: 0: 0: 0: 0: 0
  Fleet Parameter(act)  :: R=1000.00Mbps, L=1472B, K=100packets, T=12usec
  PCT metric/stream[12] :: 0.50:0.67:0.42:0.60:0.43:0.57:0.29:0.53:0.29:0.38:0.33:0.47:
  PDT metric/stream[12] :: 0.00:0.12:0.08:0.21:0.21:0.23:-0.01:0.59:0.41:0.00:-0.05:0.14:
  PCT Trend/stream [12] :: UINUNUNUNNNN
  PDT Trend/stream [12] :: NNNNNNNIUNNN
  Trend per stream [12] :: NUNNNNNINNNN
  Aggregate trend       :: NO TREND
  Rmin-Rmax             :: 1000.00-0.00Mbps
  Gmin-Gmax             :: 0.00-0.00Mbps

	*****  RESULT *****
Available bandwidth range : 1000.00 - 0.00 (Mbps)
Measurements finished at Thu Jun 22 12:32:44 2017 
Measurement latency is 1.26 sec 




Receiver onelab3.ii.uam.es starts measurements at sender 150.244.58.143 on Thu Jun 22 12:33:02 2017 
  Maximum packet size          :: 1472 bytes
  send latency @sndr           :: 6 usec
  recv latency @rcvr           :: 1 usec
  Minimum packet spacing       :: 12 usec
  Max rate(max_pktsz/min_time) :: 1000.00Mbps
  ADR [.]                      :: 1046.26Mbps
  Grey bandwidth resolution    :: 12.00
  Interrupt coalescion detected

Receiving Fleet 0
  Fleet Parameter(req)  :: R=500.00Mbps, L=1472B, K=100packets, T=24usec
  Lossrate per stream   :: :0.0:0.0:0.0:0.0:0.0:0.0:0.0:0.0:0.0:0.0:0.0:0.0
  # of CS @ sndr        :: : 0: 0: 0: 0: 0: 0: 0: 0: 0: 0: 0
  # of CS @ rcvr        :: : 0: 0: 0: 0: 0: 0: 0: 0: 0: 0: 0
  # of DS @ rcvr        :: : 0: 0: 0: 0: 0: 0: 0: 0: 0: 0: 0
  Fleet Parameter(act)  :: R=500.00Mbps, L=1472B, K=100packets, T=24usec
  PCT metric/stream[12] :: 0.40:0.25:0.31:0.35:0.35:0.50:0.35:0.39:0.31:0.50:0.29:0.25:
  PDT metric/stream[12] :: 0.07:-0.08:-0.07:-0.16:-0.08:-0.08:0.02:-0.02:-0.17:-0.09:0.01:-0.08:
  PCT Trend/stream [12] :: NNNNNUNNNUNN
  PDT Trend/stream [12] :: NNNNNNNNNNNN
  Trend per stream [12] :: NNNNNNNNNNNN
  Aggregate trend       :: NO TREND
  Rmin-Rmax             :: 500.00-0.00Mbps
  Gmin-Gmax             :: 0.00-0.00Mbps

Receiving Fleet 1
  Fleet Parameter(req)  :: R=1000.00Mbps, L=1472B, K=100packets, T=12usec
  Lossrate per stream   :: :0.0:0.0:0.0:0.0:0.0:0.0:0.0:0.0:0.0:0.0:0.0:0.0
  # of CS @ sndr        :: : 0: 0: 0: 0: 0: 0: 0: 0: 0: 0: 0
  # of CS @ rcvr        :: : 0: 0: 0: 0: 0: 0: 0: 0: 0: 0: 0
  # of DS @ rcvr        :: : 0: 0: 0: 0: 0: 0: 0: 0: 0: 0: 0
  Fleet Parameter(act)  :: R=1000.00Mbps, L=1472B, K=100packets, T=12usec
  PCT metric/stream[12] :: 0.38:0.33:0.50:0.33:0.50:0.71:0.29:0.62:0.43:0.50:0.29:0.44:
  PDT metric/stream[12] :: 0.31:0.12:0.17:0.05:-0.06:0.57:0.15:0.01:0.38:-0.20:-0.02:0.11:
  PCT Trend/stream [12] :: NNUNUININUNN
  PDT Trend/stream [12] :: NNNNNINNUNNN
  Trend per stream [12] :: NNNNNINUNNNN
  Aggregate trend       :: NO TREND
  Rmin-Rmax             :: 1000.00-0.00Mbps
  Gmin-Gmax             :: 0.00-0.00Mbps

	*****  RESULT *****
Available bandwidth range : 1000.00 - 0.00 (Mbps)
Measurements finished at Thu Jun 22 12:33:03 2017 
Measurement latency is 1.26 sec 
